  gamecode.cpp
D:\Project\Project1\Project1\gamecode.cpp(287,44): warning C4244: 'argument': conversion from 'int' to 'float', possible loss of data
D:\Project\Project1\Project1\gamecode.cpp(287,33): warning C4244: 'argument': conversion from 'int' to 'float', possible loss of data
D:\Project\Project1\Project1\gamecode.cpp(578,130): warning C4244: 'argument': conversion from 'int' to 'T', possible loss of data
D:\Project\Project1\Project1\gamecode.cpp(578,130): warning C4244:         with
D:\Project\Project1\Project1\gamecode.cpp(578,130): warning C4244:         [
D:\Project\Project1\Project1\gamecode.cpp(578,130): warning C4244:             T=float
D:\Project\Project1\Project1\gamecode.cpp(578,130): warning C4244:         ]
D:\Project\Project1\Project1\gamecode.cpp(578,102): warning C4244: 'argument': conversion from 'int' to 'T', possible loss of data
D:\Project\Project1\Project1\gamecode.cpp(578,102): warning C4244:         with
D:\Project\Project1\Project1\gamecode.cpp(578,102): warning C4244:         [
D:\Project\Project1\Project1\gamecode.cpp(578,102): warning C4244:             T=float
D:\Project\Project1\Project1\gamecode.cpp(578,102): warning C4244:         ]
D:\Project\Project1\Project1\gamecode.cpp(585,129): warning C4244: 'argument': conversion from 'int' to 'T', possible loss of data
D:\Project\Project1\Project1\gamecode.cpp(585,129): warning C4244:         with
D:\Project\Project1\Project1\gamecode.cpp(585,129): warning C4244:         [
D:\Project\Project1\Project1\gamecode.cpp(585,129): warning C4244:             T=float
D:\Project\Project1\Project1\gamecode.cpp(585,129): warning C4244:         ]
D:\Project\Project1\Project1\gamecode.cpp(585,101): warning C4244: 'argument': conversion from 'int' to 'T', possible loss of data
D:\Project\Project1\Project1\gamecode.cpp(585,101): warning C4244:         with
D:\Project\Project1\Project1\gamecode.cpp(585,101): warning C4244:         [
D:\Project\Project1\Project1\gamecode.cpp(585,101): warning C4244:             T=float
D:\Project\Project1\Project1\gamecode.cpp(585,101): warning C4244:         ]
D:\Project\Project1\Project1\gamecode.cpp(507,28): warning C4101: 'event': unreferenced local variable
  test.cpp
  Generating Code...
  Project1.vcxproj -> D:\Project\Project1\x64\Debug\Project1.exe
